c:\users\g_c_u\desktop\proyectocovid\view\debug\vc142.pdb
c:\users\g_c_u\desktop\proyectocovid\view\debug\.netframework,version=v4.7.2.assemblyattributes.obj
c:\users\g_c_u\desktop\proyectocovid\view\debug\login.obj
c:\users\g_c_u\desktop\proyectocovid\view\debug\source.obj
c:\users\g_c_u\desktop\proyectocovid\view\debug\policias.obj
c:\users\g_c_u\desktop\proyectocovid\view\debug\agregarinfracion.obj
c:\users\g_c_u\desktop\proyectocovid\debug\view.exe
c:\users\g_c_u\desktop\proyectocovid\debug\view.pdb
c:\users\g_c_u\desktop\proyectocovid\view\debug\view.login.resources
c:\users\g_c_u\desktop\proyectocovid\view\debug\view.policias.resources
c:\users\g_c_u\desktop\proyectocovid\view\debug\view.agregarinfracion.resources
c:\users\g_c_u\desktop\proyectocovid\view\debug\view.tlog\cl.command.1.tlog
c:\users\g_c_u\desktop\proyectocovid\view\debug\view.tlog\cl.read.1.tlog
c:\users\g_c_u\desktop\proyectocovid\view\debug\view.tlog\cl.write.1.tlog
c:\users\g_c_u\desktop\proyectocovid\view\debug\view.tlog\link.command.1.tlog
c:\users\g_c_u\desktop\proyectocovid\view\debug\view.tlog\link.read.1.tlog
c:\users\g_c_u\desktop\proyectocovid\view\debug\view.tlog\link.write.1.tlog
c:\users\g_c_u\desktop\proyectocovid\view\debug\view.tlog\metagen.read.1.tlog
c:\users\g_c_u\desktop\proyectocovid\view\debug\view.tlog\metagen.write.1.tlog
c:\users\g_c_u\desktop\proyectocovid\view\debug\view.tlog\view.read.1u.tlog
c:\users\g_c_u\desktop\proyectocovid\view\debug\view.tlog\view.write.1u.tlog
